D, [2014-10-13T13:22:21.447169 #11838] DEBUG -- :   [1m[36m (116.9ms)[0m  [1mCREATE TABLE `schema_migrations` (`version` varchar(255) NOT NULL) ENGINE=InnoDB[0m
D, [2014-10-13T13:22:21.588603 #11838] DEBUG -- :   [1m[35m (140.9ms)[0m  CREATE UNIQUE INDEX `unique_schema_migrations`  ON `schema_migrations` (`version`) 
D, [2014-10-13T13:22:21.590407 #11838] DEBUG -- :   [1m[36mActiveRecord::SchemaMigration Load (1.0ms)[0m  [1mSELECT `schema_migrations`.* FROM `schema_migrations`[0m
I, [2014-10-13T13:22:21.609892 #11838]  INFO -- : Migrating to Schema (1)
D, [2014-10-13T13:22:21.675264 #11838] DEBUG -- :   [1m[35m (63.6ms)[0m  CREATE TABLE `users` (`id` int(11) auto_increment PRIMARY KEY, `name` varchar(255)) ENGINE=InnoDB
D, [2014-10-13T13:22:21.720868 #11838] DEBUG -- :   [1m[36mSQL (0.1ms)[0m  [1mBEGIN[0m
D, [2014-10-13T13:22:21.733228 #11838] DEBUG -- :   [1m[35mSQL (0.3ms)[0m  INSERT INTO `schema_migrations` (`version`) VALUES (?)  [["version", "1"]]
D, [2014-10-13T13:22:21.775504 #11838] DEBUG -- :   [1m[36m (42.1ms)[0m  [1mCOMMIT[0m
D, [2014-10-13T13:24:19.630470 #11915] DEBUG -- :   [1m[36mActiveRecord::SchemaMigration Load (0.6ms)[0m  [1mSELECT `schema_migrations`.* FROM `schema_migrations`[0m
D, [2014-10-13T13:24:43.164701 #11955] DEBUG -- :   [1m[36mActiveRecord::SchemaMigration Load (0.5ms)[0m  [1mSELECT `schema_migrations`.* FROM `schema_migrations`[0m
D, [2014-10-13T13:26:33.504515 #11981] DEBUG -- :   [1m[36m (163.1ms)[0m  [1mCREATE TABLE `schema_migrations` (`version` varchar(255) NOT NULL) ENGINE=InnoDB[0m
D, [2014-10-13T13:26:33.621358 #11981] DEBUG -- :   [1m[35m (116.4ms)[0m  CREATE UNIQUE INDEX `unique_schema_migrations`  ON `schema_migrations` (`version`) 
D, [2014-10-13T13:26:33.622767 #11981] DEBUG -- :   [1m[36mActiveRecord::SchemaMigration Load (0.7ms)[0m  [1mSELECT `schema_migrations`.* FROM `schema_migrations`[0m
I, [2014-10-13T13:26:33.623551 #11981]  INFO -- : Migrating to Schema (1)
D, [2014-10-13T13:26:33.671988 #11981] DEBUG -- :   [1m[35m (47.0ms)[0m  CREATE TABLE `users` (`id` int(11) auto_increment PRIMARY KEY, `name` varchar(255), `password` varchar(255)) ENGINE=InnoDB
D, [2014-10-13T13:26:33.674276 #11981] DEBUG -- :   [1m[36mSQL (0.1ms)[0m  [1mBEGIN[0m
D, [2014-10-13T13:26:33.676188 #11981] DEBUG -- :   [1m[35mSQL (0.4ms)[0m  INSERT INTO `schema_migrations` (`version`) VALUES (?)  [["version", "1"]]
D, [2014-10-13T13:26:33.705628 #11981] DEBUG -- :   [1m[36m (29.3ms)[0m  [1mCOMMIT[0m
D, [2014-10-13T13:29:14.258365 #12041] DEBUG -- :   [1m[36mActiveRecord::SchemaMigration Load (0.6ms)[0m  [1mSELECT `schema_migrations`.* FROM `schema_migrations`[0m
D, [2014-10-13T13:29:20.958639 #12046] DEBUG -- :   [1m[36mActiveRecord::SchemaMigration Load (0.5ms)[0m  [1mSELECT `schema_migrations`.* FROM `schema_migrations`[0m
D, [2014-10-13T13:29:43.348051 #12063] DEBUG -- :   [1m[36m (50.0ms)[0m  [1mCREATE TABLE `schema_migrations` (`version` varchar(255) NOT NULL) ENGINE=InnoDB[0m
D, [2014-10-13T13:29:43.466195 #12063] DEBUG -- :   [1m[35m (117.7ms)[0m  CREATE UNIQUE INDEX `unique_schema_migrations`  ON `schema_migrations` (`version`) 
D, [2014-10-13T13:29:43.467529 #12063] DEBUG -- :   [1m[36mActiveRecord::SchemaMigration Load (0.6ms)[0m  [1mSELECT `schema_migrations`.* FROM `schema_migrations`[0m
I, [2014-10-13T13:29:43.468266 #12063]  INFO -- : Migrating to Schema (1)
D, [2014-10-13T13:29:43.516847 #12063] DEBUG -- :   [1m[35m (47.1ms)[0m  CREATE TABLE `users` (`id` int(11) auto_increment PRIMARY KEY, `name` varchar(255), `password` varchar(255)) ENGINE=InnoDB
D, [2014-10-13T13:29:43.519220 #12063] DEBUG -- :   [1m[36mSQL (0.1ms)[0m  [1mBEGIN[0m
D, [2014-10-13T13:29:43.520965 #12063] DEBUG -- :   [1m[35mSQL (0.3ms)[0m  INSERT INTO `schema_migrations` (`version`) VALUES (?)  [["version", "1"]]
D, [2014-10-13T13:29:43.550457 #12063] DEBUG -- :   [1m[36m (29.4ms)[0m  [1mCOMMIT[0m
D, [2014-10-13T14:52:22.353693 #4038] DEBUG -- :   [1m[36m (62.3ms)[0m  [1mCREATE TABLE `schema_migrations` (`version` varchar(255) NOT NULL) ENGINE=InnoDB[0m
D, [2014-10-13T14:52:22.485227 #4038] DEBUG -- :   [1m[35m (131.1ms)[0m  CREATE UNIQUE INDEX `unique_schema_migrations`  ON `schema_migrations` (`version`) 
D, [2014-10-13T14:52:22.504304 #4038] DEBUG -- :   [1m[36mActiveRecord::SchemaMigration Load (18.3ms)[0m  [1mSELECT `schema_migrations`.* FROM `schema_migrations`[0m
I, [2014-10-13T14:52:22.512801 #4038]  INFO -- : Migrating to Schema (1)
D, [2014-10-13T14:52:22.576324 #4038] DEBUG -- :   [1m[35m (62.2ms)[0m  CREATE TABLE `users` (`id` int(11) auto_increment PRIMARY KEY, `name` varchar(255), `password` varchar(255)) ENGINE=InnoDB
D, [2014-10-13T14:52:22.598176 #4038] DEBUG -- :   [1m[36mSQL (0.1ms)[0m  [1mBEGIN[0m
D, [2014-10-13T14:52:22.609002 #4038] DEBUG -- :   [1m[35mSQL (0.4ms)[0m  INSERT INTO `schema_migrations` (`version`) VALUES (?)  [["version", "1"]]
D, [2014-10-13T14:52:22.651085 #4038] DEBUG -- :   [1m[36m (41.9ms)[0m  [1mCOMMIT[0m
D, [2014-10-13T15:39:49.347814 #5590] DEBUG -- :   [1m[36m (56.5ms)[0m  [1mCREATE TABLE `schema_migrations` (`version` varchar(255) NOT NULL) ENGINE=InnoDB[0m
D, [2014-10-13T15:39:49.474206 #5590] DEBUG -- :   [1m[35m (126.0ms)[0m  CREATE UNIQUE INDEX `unique_schema_migrations`  ON `schema_migrations` (`version`) 
D, [2014-10-13T15:39:49.475649 #5590] DEBUG -- :   [1m[36mActiveRecord::SchemaMigration Load (0.7ms)[0m  [1mSELECT `schema_migrations`.* FROM `schema_migrations`[0m
I, [2014-10-13T15:39:49.476447 #5590]  INFO -- : Migrating to User (1)
D, [2014-10-13T15:39:53.289089 #5595] DEBUG -- :   [1m[36mActiveRecord::SchemaMigration Load (0.5ms)[0m  [1mSELECT `schema_migrations`.* FROM `schema_migrations`[0m
I, [2014-10-13T15:39:53.290038 #5595]  INFO -- : Migrating to User (1)
D, [2014-10-13T15:40:26.958304 #5621] DEBUG -- :   [1m[36mActiveRecord::SchemaMigration Load (0.6ms)[0m  [1mSELECT `schema_migrations`.* FROM `schema_migrations`[0m
I, [2014-10-13T15:40:26.959121 #5621]  INFO -- : Migrating to User (1)
D, [2014-10-13T15:40:27.009369 #5621] DEBUG -- :   [1m[35m (47.4ms)[0m  CREATE TABLE `users` (`id` int(11) auto_increment PRIMARY KEY, `name` varchar(255), `password` varchar(255)) ENGINE=InnoDB
D, [2014-10-13T15:40:27.014309 #5621] DEBUG -- :   [1m[36mSQL (0.2ms)[0m  [1mBEGIN[0m
D, [2014-10-13T15:40:27.016705 #5621] DEBUG -- :   [1m[35mSQL (0.3ms)[0m  INSERT INTO `schema_migrations` (`version`) VALUES (?)  [["version", "1"]]
D, [2014-10-13T15:40:27.042859 #5621] DEBUG -- :   [1m[36m (26.0ms)[0m  [1mCOMMIT[0m
I, [2014-10-13T15:40:27.042923 #5621]  INFO -- : Migrating to Post (2)
D, [2014-10-13T15:40:27.093763 #5621] DEBUG -- :   [1m[35m (49.6ms)[0m  CREATE TABLE `posts` (`id` int(11) auto_increment PRIMARY KEY, `title` varchar(255), `content` varchar(255)) ENGINE=InnoDB
D, [2014-10-13T15:40:27.094521 #5621] DEBUG -- :   [1m[36mSQL (0.2ms)[0m  [1mBEGIN[0m
D, [2014-10-13T15:40:27.095428 #5621] DEBUG -- :   [1m[35mSQL (0.2ms)[0m  INSERT INTO `schema_migrations` (`version`) VALUES (?)  [["version", "2"]]
D, [2014-10-13T15:40:27.117683 #5621] DEBUG -- :   [1m[36m (22.0ms)[0m  [1mCOMMIT[0m
D, [2014-10-13T15:40:32.335980 #5626] DEBUG -- :   [1m[36mActiveRecord::SchemaMigration Load (0.6ms)[0m  [1mSELECT `schema_migrations`.* FROM `schema_migrations`[0m
D, [2014-10-15T12:33:54.692589 #12794] DEBUG -- :   [1m[36m (84.0ms)[0m  [1mCREATE TABLE `schema_migrations` (`version` varchar(255) NOT NULL) ENGINE=InnoDB[0m
D, [2014-10-15T12:33:54.827957 #12794] DEBUG -- :   [1m[35m (134.8ms)[0m  CREATE UNIQUE INDEX `unique_schema_migrations`  ON `schema_migrations` (`version`) 
D, [2014-10-15T12:33:54.829347 #12794] DEBUG -- :   [1m[36mActiveRecord::SchemaMigration Load (0.6ms)[0m  [1mSELECT `schema_migrations`.* FROM `schema_migrations`[0m
I, [2014-10-15T12:33:54.830109 #12794]  INFO -- : Migrating to User (1)
D, [2014-10-15T12:33:54.905255 #12794] DEBUG -- :   [1m[35m (73.8ms)[0m  CREATE TABLE `users` (`id` int(11) auto_increment PRIMARY KEY, `username` varchar(255), `password_hash` varchar(255)) ENGINE=InnoDB
D, [2014-10-15T12:33:54.907703 #12794] DEBUG -- :   [1m[36mSQL (0.1ms)[0m  [1mBEGIN[0m
D, [2014-10-15T12:33:54.909448 #12794] DEBUG -- :   [1m[35mSQL (0.2ms)[0m  INSERT INTO `schema_migrations` (`version`) VALUES (?)  [["version", "1"]]
D, [2014-10-15T12:33:54.939317 #12794] DEBUG -- :   [1m[36m (29.7ms)[0m  [1mCOMMIT[0m
I, [2014-10-15T12:33:54.939384 #12794]  INFO -- : Migrating to Post (2)
D, [2014-10-15T12:33:54.991006 #12794] DEBUG -- :   [1m[35m (50.6ms)[0m  CREATE TABLE `posts` (`id` int(11) auto_increment PRIMARY KEY, `title` varchar(255), `content` varchar(255)) ENGINE=InnoDB
D, [2014-10-15T12:33:54.991402 #12794] DEBUG -- :   [1m[36mSQL (0.1ms)[0m  [1mBEGIN[0m
D, [2014-10-15T12:33:54.991875 #12794] DEBUG -- :   [1m[35mSQL (0.1ms)[0m  INSERT INTO `schema_migrations` (`version`) VALUES (?)  [["version", "2"]]
D, [2014-10-15T12:33:55.016785 #12794] DEBUG -- :   [1m[36m (24.8ms)[0m  [1mCOMMIT[0m
D, [2014-10-15T17:12:30.486131 #26558] DEBUG -- :   [1m[36mActiveRecord::SchemaMigration Load (0.6ms)[0m  [1mSELECT `schema_migrations`.* FROM `schema_migrations`[0m
D, [2014-10-16T16:32:21.944542 #4391] DEBUG -- :   [1m[36mActiveRecord::SchemaMigration Load (0.6ms)[0m  [1mSELECT `schema_migrations`.* FROM `schema_migrations`[0m
D, [2014-10-16T16:32:42.768109 #4408] DEBUG -- :   [1m[36m (65.6ms)[0m  [1mCREATE TABLE `schema_migrations` (`version` varchar(255) NOT NULL) ENGINE=InnoDB[0m
D, [2014-10-16T16:32:42.919953 #4408] DEBUG -- :   [1m[35m (151.4ms)[0m  CREATE UNIQUE INDEX `unique_schema_migrations`  ON `schema_migrations` (`version`) 
D, [2014-10-16T16:32:42.921565 #4408] DEBUG -- :   [1m[36mActiveRecord::SchemaMigration Load (0.8ms)[0m  [1mSELECT `schema_migrations`.* FROM `schema_migrations`[0m
I, [2014-10-16T16:32:42.922408 #4408]  INFO -- : Migrating to User (1)
D, [2014-10-16T16:32:42.971487 #4408] DEBUG -- :   [1m[35m (47.6ms)[0m  CREATE TABLE `users` (`id` int(11) auto_increment PRIMARY KEY, `username` varchar(255), `password_hash` varchar(255)) ENGINE=InnoDB
D, [2014-10-16T16:32:42.974037 #4408] DEBUG -- :   [1m[36mSQL (0.1ms)[0m  [1mBEGIN[0m
D, [2014-10-16T16:32:42.975960 #4408] DEBUG -- :   [1m[35mSQL (0.2ms)[0m  INSERT INTO `schema_migrations` (`version`) VALUES (?)  [["version", "1"]]
D, [2014-10-16T16:32:43.005614 #4408] DEBUG -- :   [1m[36m (29.5ms)[0m  [1mCOMMIT[0m
I, [2014-10-16T16:32:43.005672 #4408]  INFO -- : Migrating to Post (2)
D, [2014-10-16T16:35:14.335733 #4508] DEBUG -- :   [1m[36mActiveRecord::SchemaMigration Load (0.6ms)[0m  [1mSELECT `schema_migrations`.* FROM `schema_migrations`[0m
I, [2014-10-16T16:35:14.338149 #4508]  INFO -- : Migrating to Post (2)
D, [2014-10-16T16:35:14.428251 #4508] DEBUG -- :   [1m[35m (87.2ms)[0m  CREATE TABLE `posts` (`id` int(11) auto_increment PRIMARY KEY, `title` varchar(255), `content` varchar(255), `user_id` int(11)) ENGINE=InnoDB
D, [2014-10-16T16:35:14.428818 #4508] DEBUG -- :   [1m[36mSQL (0.1ms)[0m  [1mBEGIN[0m
D, [2014-10-16T16:35:14.430635 #4508] DEBUG -- :   [1m[35mSQL (0.3ms)[0m  INSERT INTO `schema_migrations` (`version`) VALUES (?)  [["version", "2"]]
D, [2014-10-16T16:35:14.451728 #4508] DEBUG -- :   [1m[36m (21.0ms)[0m  [1mCOMMIT[0m
D, [2014-10-16T16:36:13.944578 #4555] DEBUG -- :   [1m[36m (65.6ms)[0m  [1mCREATE TABLE `schema_migrations` (`version` varchar(255) NOT NULL) ENGINE=InnoDB[0m
D, [2014-10-16T16:36:14.059202 #4555] DEBUG -- :   [1m[35m (113.9ms)[0m  CREATE UNIQUE INDEX `unique_schema_migrations`  ON `schema_migrations` (`version`) 
D, [2014-10-16T16:36:14.060594 #4555] DEBUG -- :   [1m[36mActiveRecord::SchemaMigration Load (0.7ms)[0m  [1mSELECT `schema_migrations`.* FROM `schema_migrations`[0m
I, [2014-10-16T16:36:14.061343 #4555]  INFO -- : Migrating to User (1)
D, [2014-10-16T16:36:14.108799 #4555] DEBUG -- :   [1m[35m (46.1ms)[0m  CREATE TABLE `users` (`id` int(11) auto_increment PRIMARY KEY, `username` varchar(255), `password_hash` varchar(255)) ENGINE=InnoDB
D, [2014-10-16T16:36:14.111162 #4555] DEBUG -- :   [1m[36mSQL (0.1ms)[0m  [1mBEGIN[0m
D, [2014-10-16T16:36:14.112954 #4555] DEBUG -- :   [1m[35mSQL (0.2ms)[0m  INSERT INTO `schema_migrations` (`version`) VALUES (?)  [["version", "1"]]
D, [2014-10-16T16:36:14.141965 #4555] DEBUG -- :   [1m[36m (28.9ms)[0m  [1mCOMMIT[0m
I, [2014-10-16T16:36:14.142033 #4555]  INFO -- : Migrating to Post (2)
D, [2014-10-16T16:36:14.190329 #4555] DEBUG -- :   [1m[35m (47.3ms)[0m  CREATE TABLE `posts` (`id` int(11) auto_increment PRIMARY KEY, `title` varchar(255), `content` varchar(255), `user_id` int(11)) ENGINE=InnoDB
D, [2014-10-16T16:36:14.190763 #4555] DEBUG -- :   [1m[36mSQL (0.1ms)[0m  [1mBEGIN[0m
D, [2014-10-16T16:36:14.191236 #4555] DEBUG -- :   [1m[35mSQL (0.1ms)[0m  INSERT INTO `schema_migrations` (`version`) VALUES (?)  [["version", "2"]]
D, [2014-10-16T16:36:14.217914 #4555] DEBUG -- :   [1m[36m (26.6ms)[0m  [1mCOMMIT[0m
D, [2014-10-17T15:25:50.156181 #18374] DEBUG -- :   [1m[36mActiveRecord::SchemaMigration Load (1.0ms)[0m  [1mSELECT `schema_migrations`.* FROM `schema_migrations`[0m
D, [2014-10-17T15:26:00.645083 #18381] DEBUG -- :   [1m[36mActiveRecord::SchemaMigration Load (0.5ms)[0m  [1mSELECT `schema_migrations`.* FROM `schema_migrations`[0m
D, [2014-10-17T15:27:03.716120 #18458] DEBUG -- :   [1m[36m (71.2ms)[0m  [1mCREATE TABLE `schema_migrations` (`version` varchar(255) NOT NULL) ENGINE=InnoDB[0m
D, [2014-10-17T15:27:03.874556 #18458] DEBUG -- :   [1m[35m (157.9ms)[0m  CREATE UNIQUE INDEX `unique_schema_migrations`  ON `schema_migrations` (`version`) 
D, [2014-10-17T15:27:03.875945 #18458] DEBUG -- :   [1m[36mActiveRecord::SchemaMigration Load (0.7ms)[0m  [1mSELECT `schema_migrations`.* FROM `schema_migrations`[0m
I, [2014-10-17T15:27:03.876712 #18458]  INFO -- : Migrating to User (1)
D, [2014-10-17T15:27:03.925153 #18458] DEBUG -- :   [1m[35m (47.0ms)[0m  CREATE TABLE `users` (`id` int(11) auto_increment PRIMARY KEY, `username` varchar(255), `password_hash` varchar(255)) ENGINE=InnoDB
D, [2014-10-17T15:27:03.927490 #18458] DEBUG -- :   [1m[36mSQL (0.1ms)[0m  [1mBEGIN[0m
D, [2014-10-17T15:27:03.978019 #18458] DEBUG -- :   [1m[35mSQL (23.6ms)[0m  INSERT INTO `schema_migrations` (`version`) VALUES (?)  [["version", "1"]]
D, [2014-10-17T15:27:04.008797 #18458] DEBUG -- :   [1m[36m (30.6ms)[0m  [1mCOMMIT[0m
I, [2014-10-17T15:27:04.008888 #18458]  INFO -- : Migrating to Post (2)
D, [2014-10-17T15:27:04.059463 #18458] DEBUG -- :   [1m[35m (48.8ms)[0m  CREATE TABLE `posts` (`id` int(11) auto_increment PRIMARY KEY, `title` varchar(255), `content` varchar(255), `user_id` int(11), `created_at` datetime, `updated_at` datetime) ENGINE=InnoDB
D, [2014-10-17T15:27:04.184259 #18458] DEBUG -- :   [1m[36m (124.3ms)[0m  [1mCREATE  INDEX `index_posts_on_user_id`  ON `posts` (`user_id`) [0m
D, [2014-10-17T15:27:04.184755 #18458] DEBUG -- :   [1m[35mSQL (0.1ms)[0m  BEGIN
D, [2014-10-17T15:27:04.185254 #18458] DEBUG -- :   [1m[36mSQL (0.1ms)[0m  [1mINSERT INTO `schema_migrations` (`version`) VALUES (?)[0m  [["version", "2"]]
D, [2014-10-17T15:27:04.209498 #18458] DEBUG -- :   [1m[35m (24.1ms)[0m  COMMIT
